TN:
SF:/Users/alexandramarin/Projects/EverCraft-Kata/javascript/src/spec/Character.spec.js
FN:4,(anonymous_1)
FN:7,(anonymous_2)
FN:11,(anonymous_3)
FN:15,(anonymous_4)
FN:19,(anonymous_5)
FN:25,(anonymous_6)
FN:30,(anonymous_7)
FN:35,(anonymous_8)
FN:41,(anonymous_9)
FN:51,(anonymous_10)
FN:61,(anonymous_11)
FN:72,(anonymous_12)
FN:83,(anonymous_13)
FN:94,(anonymous_14)
FNF:14
FNH:14
FNDA:1,(anonymous_1)
FNDA:12,(anonymous_2)
FNDA:1,(anonymous_3)
FNDA:1,(anonymous_4)
FNDA:1,(anonymous_5)
FNDA:1,(anonymous_6)
FNDA:1,(anonymous_7)
FNDA:1,(anonymous_8)
FNDA:1,(anonymous_9)
FNDA:1,(anonymous_10)
FNDA:1,(anonymous_11)
FNDA:1,(anonymous_12)
FNDA:1,(anonymous_13)
FNDA:1,(anonymous_14)
DA:1,1
DA:2,1
DA:4,1
DA:5,1
DA:7,1
DA:8,12
DA:11,1
DA:12,1
DA:15,1
DA:16,1
DA:19,1
DA:20,1
DA:21,1
DA:22,1
DA:25,1
DA:26,1
DA:27,1
DA:30,1
DA:31,1
DA:32,1
DA:35,1
DA:36,1
DA:37,1
DA:38,1
DA:41,1
DA:42,1
DA:43,1
DA:45,1
DA:46,1
DA:48,1
DA:51,1
DA:52,1
DA:53,1
DA:55,1
DA:56,1
DA:58,1
DA:61,1
DA:62,1
DA:63,1
DA:65,1
DA:66,1
DA:67,1
DA:69,1
DA:72,1
DA:73,1
DA:74,1
DA:76,1
DA:77,1
DA:78,1
DA:80,1
DA:83,1
DA:84,1
DA:85,1
DA:87,1
DA:88,1
DA:89,1
DA:91,1
DA:94,1
DA:95,1
DA:96,1
DA:98,1
LF:61
LH:61
BRF:0
BRH:0
end_of_record
TN:
SF:/Users/alexandramarin/Projects/EverCraft-Kata/javascript/src/Character.js
FN:0,(anonymous_1)
FN:0,defineProperties
FN:0,(anonymous_3)
FN:0,_classCallCheck
FN:0,(anonymous_5)
FN:2,Character
FN:22,rollDice
FN:27,canDamage
FN:32,takeDamage
FN:42,normalDamage
FN:46,doubleDamage
FN:50,willDie
FN:10,get
FN:14,set
FN:64,getRandomInt
FNF:15
FNH:15
FNDA:1,(anonymous_1)
FNDA:1,defineProperties
FNDA:1,(anonymous_3)
FNDA:17,_classCallCheck
FNDA:1,(anonymous_5)
FNDA:17,Character
FNDA:1,rollDice
FNDA:2,canDamage
FNDA:3,takeDamage
FNDA:1,normalDamage
FNDA:1,doubleDamage
FNDA:1,willDie
FNDA:2,get
FNDA:2,set
FNDA:1,getRandomInt
DA:0,17
DA:1,1
DA:2,1
DA:3,17
DA:4,17
DA:5,17
DA:6,17
DA:7,17
DA:11,2
DA:15,2
DA:17,2
DA:18,0
DA:23,1
DA:24,1
DA:28,2
DA:29,1
DA:33,3
DA:34,1
DA:37,2
DA:38,1
DA:43,1
DA:47,1
DA:51,1
DA:55,1
DA:61,1
DA:62,1
DA:64,1
DA:65,1
LF:28
LH:27
BRDA:0,1,0,7
BRDA:0,1,1,7
BRDA:0,2,0,6
BRDA:0,2,1,1
BRDA:0,3,0,1
BRDA:0,3,1,0
BRDA:0,4,0,0
BRDA:0,4,1,1
BRDA:0,5,0,0
BRDA:0,5,1,17
BRDA:28,6,0,1
BRDA:28,6,1,1
BRDA:33,7,0,1
BRDA:33,7,1,2
BRDA:37,8,0,1
BRDA:37,8,1,1
BRDA:17,9,0,0
BRDA:17,9,1,2
BRF:18
BRH:17
end_of_record
