TN:
SF:/Users/alexandramarin/Projects/EverCraft-Kata/javascript/src/Character.js
FN:0,(anonymous_1)
FN:0,defineProperties
FN:0,(anonymous_3)
FN:0,_classCallCheck
FN:0,(anonymous_5)
FN:2,Character
FN:22,rollDice
FN:27,canDamage
FN:32,takeDamage
FN:42,normalDamage
FN:46,doubleDamage
FN:50,willDie
FN:10,get
FN:14,set
FN:64,getRandomInt
FNF:15
FNH:15
FNDA:1,(anonymous_1)
FNDA:1,defineProperties
FNDA:1,(anonymous_3)
FNDA:17,_classCallCheck
FNDA:1,(anonymous_5)
FNDA:17,Character
FNDA:1,rollDice
FNDA:2,canDamage
FNDA:3,takeDamage
FNDA:1,normalDamage
FNDA:1,doubleDamage
FNDA:1,willDie
FNDA:2,get
FNDA:2,set
FNDA:1,getRandomInt
DA:0,17
DA:1,1
DA:2,1
DA:3,17
DA:4,17
DA:5,17
DA:6,17
DA:7,17
DA:11,2
DA:15,2
DA:17,2
DA:18,0
DA:23,1
DA:24,1
DA:28,2
DA:29,1
DA:33,3
DA:34,1
DA:37,2
DA:38,1
DA:43,1
DA:47,1
DA:51,1
DA:55,1
DA:61,1
DA:62,1
DA:64,1
DA:65,1
LF:28
LH:27
BRDA:0,1,0,7
BRDA:0,1,1,7
BRDA:0,2,0,6
BRDA:0,2,1,1
BRDA:0,3,0,1
BRDA:0,3,1,0
BRDA:0,4,0,0
BRDA:0,4,1,1
BRDA:0,5,0,0
BRDA:0,5,1,17
BRDA:28,6,0,1
BRDA:28,6,1,1
BRDA:33,7,0,1
BRDA:33,7,1,2
BRDA:37,8,0,1
BRDA:37,8,1,1
BRDA:17,9,0,0
BRDA:17,9,1,2
BRF:18
BRH:17
end_of_record
